# JRE version: OpenJDK Runtime Environment Temurin-17+35 (17.0+35) (build 17+35)
# Java VM: OpenJDK 64-Bit Server VM Temurin-17+35 (17+35, mixed mode, emulated-client, tiered, compressed oops, compressed class ptrs, g1 gc, windows-amd64)
GC Precious Log:
 CPUs: 4 total, 4 available
 Memory: 8069M
 Large Page Support: Disabled
 NUMA Support: Disabled
 Compressed Oops: Enabled (32-bit)
 Heap Region Size: 1M
 Heap Min Capacity: 8M
 Heap Initial Capacity: 128M
 Heap Max Capacity: 2018M
 Pre-touch: Disabled
 Parallel Workers: 4
 Concurrent Workers: 1
 Concurrent Refinement Workers: 4
 Periodic GC: Disabled
Heap:
 garbage-first heap   total 48128K, used 35571K [0x0000000081e00000, 0x0000000100000000)
  region size 1024K, 23 young (23552K), 0 survivors (0K)
 Metaspace       used 40955K, committed 41792K, reserved 1089536K
  class space    used 5054K, committed 5376K, reserved 1048576K
GC Heap History (20 events):
Event: 6.365 GC heap before
{Heap before GC invocations=9 (full 0):
 garbage-first heap   total 30720K, used 21230K [0x0000000081e00000, 0x0000000100000000)
  region size 1024K, 16 young (16384K), 2 survivors (2048K)
 Metaspace       used 26617K, committed 26880K, reserved 1073152K
  class space    used 3037K, committed 3200K, reserved 1048576K
}
Event: 6.373 GC heap after
{Heap after GC invocations=10 (full 0):
 garbage-first heap   total 80896K, used 8204K [0x0000000081e00000, 0x0000000100000000)
  region size 1024K, 2 young (2048K), 2 survivors (2048K)
 Metaspace       used 26617K, committed 26880K, reserved 1073152K
  class space    used 3037K, committed 3200K, reserved 1048576K
}
Event: 8.281 GC heap before
{Heap before GC invocations=10 (full 0):
 garbage-first heap   total 80896K, used 53260K [0x0000000081e00000, 0x0000000100000000)
  region size 1024K, 47 young (48128K), 2 survivors (2048K)
 Metaspace       used 29425K, committed 29696K, reserved 1081344K
  class space    used 3462K, committed 3584K, reserved 1048576K
}
Event: 8.290 GC heap after
{Heap after GC invocations=11 (full 0):
 garbage-first heap   total 80896K, used 9527K [0x0000000081e00000, 0x0000000100000000)
  region size 1024K, 3 young (3072K), 3 survivors (3072K)
 Metaspace       used 29425K, committed 29696K, reserved 1081344K
  class space    used 3462K, committed 3584K, reserved 1048576K
}
Event: 10.484 GC heap before
{Heap before GC invocations=11 (full 0):
 garbage-first heap   total 80896K, used 53559K [0x0000000081e00000, 0x0000000100000000)
  region size 1024K, 47 young (48128K), 3 survivors (3072K)
 Metaspace       used 33151K, committed 33600K, reserved 1081344K
  class space    used 4025K, committed 4224K, reserved 1048576K
}
Event: 10.500 GC heap after
{Heap after GC invocations=12 (full 0):
 garbage-first heap   total 80896K, used 11474K [0x0000000081e00000, 0x0000000100000000)
  region size 1024K, 5 young (5120K), 5 survivors (5120K)
 Metaspace       used 33151K, committed 33600K, reserved 1081344K
  class space    used 4025K, committed 4224K, reserved 1048576K
}
Event: 11.541 GC heap before
{Heap before GC invocations=12 (full 0):
 garbage-first heap   total 80896K, used 42194K [0x0000000081e00000, 0x0000000100000000)
  region size 1024K, 36 young (36864K), 5 survivors (5120K)
 Metaspace       used 35572K, committed 35968K, reserved 1081344K
  class space    used 4325K, committed 4480K, reserved 1048576K
}
Event: 11.557 GC heap after
{Heap after GC invocations=13 (full 0):
 garbage-first heap   total 80896K, used 13169K [0x0000000081e00000, 0x0000000100000000)
  region size 1024K, 4 young (4096K), 4 survivors (4096K)
 Metaspace       used 35572K, committed 35968K, reserved 1081344K
  class space    used 4325K, committed 4480K, reserved 1048576K
}
Event: 12.700 GC heap before
{Heap before GC invocations=14 (full 0):
 garbage-first heap   total 51200K, used 39793K [0x0000000081e00000, 0x0000000100000000)
  region size 1024K, 30 young (30720K), 4 survivors (4096K)
 Metaspace       used 37665K, committed 38144K, reserved 1089536K
  class space    used 4617K, committed 4864K, reserved 1048576K
}
Event: 12.712 GC heap after
{Heap after GC invocations=15 (full 0):
 garbage-first heap   total 51200K, used 14496K [0x0000000081e00000, 0x0000000100000000)
  region size 1024K, 4 young (4096K), 4 survivors (4096K)
 Metaspace       used 37665K, committed 38144K, reserved 1089536K
  class space    used 4617K, committed 4864K, reserved 1048576K
}
Event: 12.739 GC heap before
{Heap before GC invocations=15 (full 0):
 garbage-first heap   total 51200K, used 15520K [0x0000000081e00000, 0x0000000100000000)
  region size 1024K, 5 young (5120K), 4 survivors (4096K)
 Metaspace       used 37758K, committed 38272K, reserved 1089536K
  class space    used 4629K, committed 4864K, reserved 1048576K
}
Event: 12.750 GC heap after
{Heap after GC invocations=16 (full 0):
 garbage-first heap   total 51200K, used 14704K [0x0000000081e00000, 0x0000000100000000)
  region size 1024K, 1 young (1024K), 1 survivors (1024K)
 Metaspace       used 37758K, committed 38272K, reserved 1089536K
  class space    used 4629K, committed 4864K, reserved 1048576K
}
Event: 16.799 GC heap before
{Heap before GC invocations=16 (full 0):
 garbage-first heap   total 51200K, used 40304K [0x0000000081e00000, 0x0000000100000000)
  region size 1024K, 27 young (27648K), 1 survivors (1024K)
 Metaspace       used 40111K, committed 40640K, reserved 1089536K
  class space    used 4960K, committed 5184K, reserved 1048576K
}
Event: 16.804 GC heap after
{Heap after GC invocations=17 (full 0):
 garbage-first heap   total 51200K, used 15321K [0x0000000081e00000, 0x0000000100000000)
  region size 1024K, 2 young (2048K), 2 survivors (2048K)
 Metaspace       used 40111K, committed 40640K, reserved 1089536K
  class space    used 4960K, committed 5184K, reserved 1048576K
}
Event: 48.680 GC heap before
{Heap before GC invocations=17 (full 0):
 garbage-first heap   total 51200K, used 25561K [0x0000000081e00000, 0x0000000100000000)
  region size 1024K, 13 young (13312K), 2 survivors (2048K)
 Metaspace       used 41169K, committed 41664K, reserved 1089536K
  class space    used 5105K, committed 5312K, reserved 1048576K
}
Event: 48.730 GC heap after
{Heap after GC invocations=18 (full 1):
 garbage-first heap   total 48128K, used 13675K [0x0000000081e00000, 0x0000000100000000)
  region size 1024K, 0 young (0K), 0 survivors (0K)
 Metaspace       used 41169K, committed 41664K, reserved 1089536K
  class space    used 5105K, committed 5312K, reserved 1048576K
}
Event: 51.055 GC heap before
{Heap before GC invocations=18 (full 1):
 garbage-first heap   total 48128K, used 37227K [0x0000000081e00000, 0x0000000100000000)
  region size 1024K, 24 young (24576K), 0 survivors (0K)
 Metaspace       used 41200K, committed 41728K, reserved 1089536K
  class space    used 5112K, committed 5376K, reserved 1048576K
}
Event: 51.064 GC heap after
{Heap after GC invocations=19 (full 1):
 garbage-first heap   total 48128K, used 15657K [0x0000000081e00000, 0x0000000100000000)
  region size 1024K, 2 young (2048K), 2 survivors (2048K)
 Metaspace       used 41200K, committed 41728K, reserved 1089536K
  class space    used 5112K, committed 5376K, reserved 1048576K
}
Event: 78.507 GC heap before
{Heap before GC invocations=19 (full 1):
 garbage-first heap   total 48128K, used 21801K [0x0000000081e00000, 0x0000000100000000)
  region size 1024K, 9 young (9216K), 2 survivors (2048K)
 Metaspace       used 41223K, committed 41792K, reserved 1089536K
  class space    used 5117K, committed 5376K, reserved 1048576K
}
Event: 78.575 GC heap after
{Heap after GC invocations=20 (full 2):
 garbage-first heap   total 48128K, used 13043K [0x0000000081e00000, 0x0000000100000000)
  region size 1024K, 0 young (0K), 0 survivors (0K)
 Metaspace       used 40934K, committed 41792K, reserved 1089536K
  class space    used 5050K, committed 5376K, reserved 1048576K
}

